app/build/intermediates/manifest_merge_blame_file/debug/manifest-merger-blame-debug-report.txt
1<?xml version="1.0" encoding="utf-8"?>
2<manifest xmlns:android="http://schemas.android.com/apk/res/android"
3    package="com.example.drudispuzzle"
4    android:versionCode="1"
5    android:versionName="1.0" >
6
7    <uses-sdk
8        android:minSdkVersion="30"
8-->src\main\AndroidManifest.xml
9        android:targetSdkVersion="30" />
9-->src\main\AndroidManifest.xml
10
11    <uses-permission android:name="android.permission.INTERNET" />
11-->src\main\AndroidManifest.xml:6:5-83
11-->src\main\AndroidManifest.xml:6:22-64
12    <uses-permission android:name="android.permission.READ_EXTERNAL_STORAGE" />
12-->src\main\AndroidManifest.xml:7:5-96
12-->src\main\AndroidManifest.xml:7:22-77
13    <uses-permission android:name="android.permission.WRITE_EXTERNAL_STORAGE" />
13-->src\main\AndroidManifest.xml:8:5-80
13-->src\main\AndroidManifest.xml:8:22-78
14    <uses-permission android:name="android.permission.READ_CALENDAR" />
14-->src\main\AndroidManifest.xml:9:5-71
14-->src\main\AndroidManifest.xml:9:22-69
15    <uses-permission android:name="android.permission.WRITE_CALENDAR" />
15-->src\main\AndroidManifest.xml:10:5-72
15-->src\main\AndroidManifest.xml:10:22-70
16
17    <application
17-->src\main\AndroidManifest.xml:12:5-53:19
18        android:allowBackup="true"
18-->src\main\AndroidManifest.xml:13:9-35
19        android:appComponentFactory="androidx.core.app.CoreComponentFactory"
19-->[androidx.core:core:1.3.1] AndroidManifest.xml:24:18-86
20        android:debuggable="true"
21        android:extractNativeLibs="false"
22        android:icon="@mipmap/ic_launcher"
22-->src\main\AndroidManifest.xml:14:9-43
23        android:label="DruidasPuzzle"
23-->src\main\AndroidManifest.xml:15:9-38
24        android:roundIcon="@mipmap/ic_druidas"
24-->src\main\AndroidManifest.xml:16:9-47
25        android:supportsRtl="true"
25-->src\main\AndroidManifest.xml:17:9-35
26        android:testOnly="true"
27        android:theme="@style/Theme.AppCompat.NoActionBar" >
27-->src\main\AndroidManifest.xml:18:9-59
28        <activity
28-->src\main\AndroidManifest.xml:20:9-27:20
29            android:name="com.example.drudispuzzle.MainActivity"
29-->src\main\AndroidManifest.xml:21:13-41
30            android:screenOrientation="portrait" >
30-->src\main\AndroidManifest.xml:22:13-49
31            <intent-filter>
31-->src\main\AndroidManifest.xml:23:13-26:29
32                <action android:name="android.intent.action.MAIN" />
32-->src\main\AndroidManifest.xml:24:17-69
32-->src\main\AndroidManifest.xml:24:25-66
33
34                <category android:name="android.intent.category.LAUNCHER" />
34-->src\main\AndroidManifest.xml:25:17-77
34-->src\main\AndroidManifest.xml:25:27-74
35            </intent-filter>
36        </activity>
37        <activity android:name="com.example.drudispuzzle.ElegirPuzzle" />
37-->src\main\AndroidManifest.xml:28:9-51
37-->src\main\AndroidManifest.xml:28:19-47
38        <activity android:name="com.example.drudispuzzle.PuzzleActivity" />
38-->src\main\AndroidManifest.xml:29:9-52
38-->src\main\AndroidManifest.xml:29:19-49
39        <activity android:name="com.example.drudispuzzle.SelectionActivity" />
39-->src\main\AndroidManifest.xml:30:9-55
39-->src\main\AndroidManifest.xml:30:19-52
40        <activity android:name="com.example.drudispuzzle.Ranking" />
40-->src\main\AndroidManifest.xml:31:9-45
40-->src\main\AndroidManifest.xml:31:19-42
41        <activity android:name="com.example.drudispuzzle.Multiplayer" />
41-->src\main\AndroidManifest.xml:32:9-49
41-->src\main\AndroidManifest.xml:32:19-46
42        <activity android:name="com.example.drudispuzzle.TomarFoto" />
42-->src\main\AndroidManifest.xml:33:9-47
42-->src\main\AndroidManifest.xml:33:19-44
43        <activity android:name="com.example.drudispuzzle.SeleccionTipoPuzzle" />
43-->src\main\AndroidManifest.xml:34:9-57
43-->src\main\AndroidManifest.xml:34:19-54
44        <activity android:name="com.example.drudispuzzle.ElegirImagenSinFragmentar" />
44-->src\main\AndroidManifest.xml:35:9-62
44-->src\main\AndroidManifest.xml:35:19-60
45        <activity android:name="com.example.drudispuzzle.ElegirImagenSinFragmentar2" />
45-->src\main\AndroidManifest.xml:36:9-63
45-->src\main\AndroidManifest.xml:36:19-61
46        <activity android:name="com.example.drudispuzzle.PartidaSinFragmentar" />
46-->src\main\AndroidManifest.xml:37:9-57
46-->src\main\AndroidManifest.xml:37:19-55
47        <activity android:name="com.example.drudispuzzle.PartidaSinFragmentar2" />
47-->src\main\AndroidManifest.xml:38:9-58
47-->src\main\AndroidManifest.xml:38:19-56
48        <activity android:name="com.example.drudispuzzle.PartidaFragmentada" />
48-->src\main\AndroidManifest.xml:39:9-55
48-->src\main\AndroidManifest.xml:39:19-53
49        <activity android:name="com.example.drudispuzzle.PartidaFragmentada2" />
49-->src\main\AndroidManifest.xml:40:9-56
49-->src\main\AndroidManifest.xml:40:19-54
50        <activity android:name="com.example.drudispuzzle.utilidades.ListaPersonasRecycler" />
50-->src\main\AndroidManifest.xml:41:9-69
50-->src\main\AndroidManifest.xml:41:19-67
51        <activity android:name="com.example.drudispuzzle.CalendarioPuntuacion" />
51-->src\main\AndroidManifest.xml:42:9-57
51-->src\main\AndroidManifest.xml:42:19-55
52
53        <provider
54            android:name="androidx.core.content.FileProvider"
54-->src\main\AndroidManifest.xml:45:13-62
55            android:authorities="com.example.drudispuzzle.fileprovider"
55-->src\main\AndroidManifest.xml:46:13-64
56            android:exported="false"
56-->src\main\AndroidManifest.xml:47:13-37
57            android:grantUriPermissions="true" >
57-->src\main\AndroidManifest.xml:48:13-47
58            <meta-data
58-->src\main\AndroidManifest.xml:49:13-51:54
59                android:name="android.support.FILE_PROVIDER_PATHS"
59-->src\main\AndroidManifest.xml:50:17-67
60                android:resource="@xml/file_paths" />
60-->src\main\AndroidManifest.xml:51:17-51
61        </provider>
62    </application>
63
64</manifest>